<?xml version="1.0" encoding="utf-8"?><testsuites name="pytest tests"><testsuite name="pytest" errors="0" failures="0" skipped="0" tests="9" time="5.617" timestamp="2026-09-11T17:34:04.938796+00:00" hostname="agent-env-bf039f94-4eee-4605-9641-4d00a5745f14"><testcase classname="tests.test_warchess_api" name="test_public_health_contract" time="0.336" /><testcase classname="tests.test_warchess_api" name="test_health_details_requires_auth_and_reports_engine" time="0.890" /><testcase classname="tests.test_warchess_api" name="test_invalid_login_rejected" time="0.113" /><testcase classname="tests.test_warchess_api" name="test_session_me_logout_revocation" time="0.399" /><testcase classname="tests.test_warchess_api" name="test_voice_ticket_endpoint_issues_wss_ticket" time="2.074" /><testcase classname="tests.test_warchess_api" name="test_role_lock_conflicts_and_autostart_constraints" time="0.293" /><testcase classname="tests.test_warchess_api" name="test_seventh_membership_forbidden" time="0.203" /><testcase classname="tests.test_warchess_api" name="test_ownership_stale_version_and_ai_turn_block" time="1.201" /><testcase classname="tests.test_warchess_api" name="test_non_king_cannot_approve" time="0.092" /></testsuite></testsuites>