<?xml version="1.0" encoding="utf-8"?><testsuites name="pytest tests"><testsuite name="pytest" errors="0" failures="0" skipped="0" tests="10" time="0.681" timestamp="2026-09-11T14:23:21.288429+00:00" hostname="agent-env-bf039f94-4eee-4605-9641-4d00a5745f14"><testcase classname="tests.test_warchess_rules_advanced" name="test_approval_required_matrix_includes_bishop_knight" time="0.000" /><testcase classname="tests.test_warchess_rules_advanced" name="test_action_approval_request_reject_approve_and_stale_invalidation" time="0.002" /><testcase classname="tests.test_warchess_rules_advanced" name="test_timer_boundary_command_authority_and_fourth_expiry_defeat" time="0.000" /><testcase classname="tests.test_warchess_rules_advanced" name="test_execute_move_capture_elimination_then_spectate_and_leave" time="0.001" /><testcase classname="tests.test_warchess_rules_advanced" name="test_promotion_matrix_qrbn_pending_and_pawn_ownership" time="0.001" /><testcase classname="tests.test_warchess_rules_advanced" name="test_promotion_transfer_refusal_keep_and_timeout_default" time="0.001" /><testcase classname="tests.test_warchess_rules_advanced" name="test_after_position_checkmate_stalemate_draw_notice_and_canonical_history" time="0.001" /><testcase classname="tests.test_warchess_rules_advanced" name="test_execute_move_en_passant_and_castling_rook_ownership" time="0.001" /><testcase classname="tests.test_warchess_rules_advanced" name="test_restart_votes_three_not_enough_four_resets_lobby" time="0.001" /><testcase classname="tests.test_warchess_rules_advanced" name="test_finished_result_durable_once_and_per_role_leaderboard" time="0.001" /></testsuite></testsuites>