<?xml version="1.0" encoding="utf-8"?><testsuites name="pytest tests"><testsuite name="pytest" errors="0" failures="0" skipped="0" tests="21" time="2.282" timestamp="2026-09-11T14:52:25.325293+00:00" hostname="agent-env-bf039f94-4eee-4605-9641-4d00a5745f14"><testcase classname="tests.test_deployment_readiness_config" name="test_gitignore_allows_managed_env_files" time="0.005" /><testcase classname="tests.test_deployment_readiness_config" name="test_gitignore_still_blocks_private_local_env_overrides" time="0.004" /><testcase classname="tests.test_deployment_readiness_config" name="test_backend_env_contains_explicit_cors_and_protected_keys" time="0.001" /><testcase classname="tests.test_deployment_readiness_config" name="test_frontend_env_protected_urls_unchanged" time="0.001" /><testcase classname="tests.test_deployment_readiness_config" name="test_health_internal_and_external_show_ready" time="0.338" /><testcase classname="tests.test_deployment_readiness_config" name="test_options_preflight_returns_expected_cors_headers[/api/auth/login]" time="0.094" /><testcase classname="tests.test_deployment_readiness_config" name="test_options_preflight_returns_expected_cors_headers[/api/rooms]" time="0.085" /><testcase classname="tests.test_deployment_readiness_config" name="test_get_health_with_origin_has_cors_and_no_cookie" time="0.084" /><testcase classname="tests.test_deployment_readiness_config" name="test_auth_smoke_login_me_and_rooms" time="0.289" /><testcase classname="tests.test_deployment_readiness_config" name="test_livekit_known_limitation_unchanged" time="0.085" /><testcase classname="tests.test_rules_unit" name="test_approval_required_matrix" time="0.000" /><testcase classname="tests.test_rules_unit" name="test_validate_move_ownership_and_stale_version_with_monkeypatched_board_for" time="0.001" /><testcase classname="tests.test_engine_bootstrap_runtime" name="test_cold_bootstrap_download_and_cache_real_binary" time="1.484" /><testcase classname="tests.test_engine_bootstrap_runtime" name="test_bootstrapped_binary_runs_uci_and_plays_legal_move_not_system" time="0.048" /><testcase classname="tests.test_engine_bootstrap_runtime" name="test_cached_verified_binary_reused_when_network_unavailable" time="0.043" /><testcase classname="tests.test_engine_bootstrap_runtime" name="test_corrupted_cached_binary_not_trusted_without_network" time="0.152" /><testcase classname="tests.test_engine_bootstrap_runtime" name="test_checksum_mismatch_fails_closed_before_execution" time="0.001" /><testcase classname="tests.test_engine_bootstrap_runtime" name="test_invalid_archive_fails_closed_without_execution" time="0.001" /><testcase classname="tests.test_engine_bootstrap_runtime" name="test_unsupported_platform_returns_actionable_error" time="0.001" /><testcase classname="tests.test_engine_bootstrap_runtime" name="test_invalid_explicit_stockfish_path_returns_clear_error" time="0.001" /><testcase classname="tests.test_engine_bootstrap_runtime" name="test_resolve_engine_path_precedence_explicit_then_system_then_bootstrap" time="0.001" /></testsuite></testsuites>