<?xml version="1.0" encoding="utf-8"?><testsuites name="pytest tests"><testsuite name="pytest" errors="0" failures="0" skipped="0" tests="12" time="23.888" timestamp="2026-09-11T17:32:20.548804+00:00" hostname="agent-env-bf039f94-4eee-4605-9641-4d00a5745f14"><testcase classname="tests.test_security_voice_contracts" name="test_security_headers_and_public_health_contract" time="0.353" /><testcase classname="tests.test_security_voice_contracts" name="test_health_details_requires_auth_and_voice_engine_flags" time="0.869" /><testcase classname="tests.test_security_voice_contracts" name="test_public_leaderboards_hide_internal_identifiers" time="0.590" /><testcase classname="tests.test_security_voice_contracts" name="test_voice_ticket_rejects_non_member_or_missing_role" time="1.146" /><testcase classname="tests.test_security_voice_contracts" name="test_voice_ticket_wrong_room_reused_and_expired_denied" time="3.259" /><testcase classname="tests.test_security_voice_contracts" name="test_voice_pcm_frame_contract_and_no_same_sender_echo" time="3.505" /><testcase classname="tests.test_security_voice_contracts" name="test_voice_leave_updates_peer_roster" time="1.626" /><testcase classname="tests.test_security_voice_contracts" name="test_sec001_logout_revokes_ws_without_client_ping" time="2.831" /><testcase classname="tests.test_security_voice_contracts" name="test_sec001_session_expiry_sweep_closes_ws" time="0.912" /><testcase classname="tests.test_security_voice_contracts" name="test_sec001_bad_origin_denied_on_internal_ws" time="0.309" /><testcase classname="tests.test_security_voice_contracts" name="test_sec001_max_three_state_connections" time="7.740" /><testcase classname="tests.test_security_voice_contracts" name="test_account_deletion_contract_api" time="0.630" /></testsuite></testsuites>