<?xml version="1.0" encoding="utf-8"?><testsuites name="pytest tests"><testsuite name="pytest" errors="0" failures="0" skipped="0" tests="10" time="1.357" timestamp="2026-09-11T14:42:06.296563+00:00" hostname="agent-env-bf039f94-4eee-4605-9641-4d00a5745f14"><testcase classname="tests.test_deployment_readiness_config" name="test_gitignore_allows_managed_env_files" time="0.005" /><testcase classname="tests.test_deployment_readiness_config" name="test_gitignore_still_blocks_private_local_env_overrides" time="0.004" /><testcase classname="tests.test_deployment_readiness_config" name="test_backend_env_contains_explicit_cors_and_protected_keys" time="0.001" /><testcase classname="tests.test_deployment_readiness_config" name="test_frontend_env_protected_urls_unchanged" time="0.001" /><testcase classname="tests.test_deployment_readiness_config" name="test_health_internal_and_external_show_ready" time="0.225" /><testcase classname="tests.test_deployment_readiness_config" name="test_options_preflight_returns_expected_cors_headers[/api/auth/login]" time="0.095" /><testcase classname="tests.test_deployment_readiness_config" name="test_options_preflight_returns_expected_cors_headers[/api/rooms]" time="0.088" /><testcase classname="tests.test_deployment_readiness_config" name="test_get_health_with_origin_has_cors_and_no_cookie" time="0.091" /><testcase classname="tests.test_deployment_readiness_config" name="test_auth_smoke_login_me_and_rooms" time="0.416" /><testcase classname="tests.test_deployment_readiness_config" name="test_livekit_known_limitation_unchanged" time="0.096" /></testsuite></testsuites>